<?xml version="1.0" encoding="UTF-8"?>
<!-- Generated by org.testng.reporters.JUnitReportReporter -->
<testsuite hostname="DESKTOP-0EF8TPA" failures="0" tests="1" name="com.psiexams.businessscripts.Registration" time="22.230" errors="0" timestamp="2021-01-23T21:18:10 EST" skipped="0">
  <testcase classname="com.psiexams.businessscripts.Registration" name="ReturningUsers" time="22.230"/>
  <system-out/>
</testsuite> <!-- com.psiexams.businessscripts.Registration -->
