<?xml version="1.0" encoding="UTF-8"?>
<!-- Generated by org.testng.reporters.JUnitReportReporter -->
<testsuite hostname="DESKTOP-0EF8TPA" failures="0" tests="1" name="com.psiexams.businessscripts.CreateAnAccount" time="10.350" errors="0" timestamp="2021-01-23T14:48:38 EST" skipped="0">
  <testcase classname="com.psiexams.businessscripts.CreateAnAccount" name="Validate_email_format" time="10.350"/>
  <system-out/>
</testsuite> <!-- com.psiexams.businessscripts.CreateAnAccount -->
